<?xml version="1.0" encoding="UTF-8"?>
<!-- Generated by org.testng.reporters.JUnitReportReporter -->
<testsuite hostname="FPE-LAP-254" failures="0" tests="1" name="admission_onlineFormTestScripts.AutoITImageuploadTestScripts" time="16.419" errors="0" timestamp="2024-09-11T12:47:01 IST" skipped="0">
  <testcase classname="admission_onlineFormTestScripts.AutoITImageuploadTestScripts" name="imageUpload" time="16.419"/>
  <system-out/>
</testsuite> <!-- admission_onlineFormTestScripts.AutoITImageuploadTestScripts -->
